[debug] [2026-07-18T04:06:49.523Z] ----------------------------------------------------------------------
[debug] [2026-07-18T04:06:49.525Z] Command:       C:\Program Files\nodejs\node.exe C:\Users\DELL\AppData\Roaming\npm\node_modules\firebase-tools\lib\bin\firebase.js init
[debug] [2026-07-18T04:06:49.525Z] CLI Version:   15.24.0
[debug] [2026-07-18T04:06:49.525Z] Platform:      win32
[debug] [2026-07-18T04:06:49.525Z] Node Version:  v24.18.0
[debug] [2026-07-18T04:06:49.525Z] Detected Agent: unknown
[debug] [2026-07-18T04:06:49.525Z] Time:          Sat Jul 18 2026 09:36:49 GMT+0530 (India Standard Time)
[debug] [2026-07-18T04:06:49.525Z] ----------------------------------------------------------------------
[debug] 
[info] 
     ######## #### ########  ######## ########     ###     ######  ########
     ##        ##  ##     ## ##       ##     ##  ##   ##  ##       ##
     ######    ##  ########  ######   ########  #########  ######  ######
     ##        ##  ##    ##  ##       ##     ## ##     ##       ## ##
     ##       #### ##     ## ######## ########  ##     ##  ######  ########

You're about to initialize a Firebase project in this directory:

  C:\Users\DELL\Desktop\glacare-coming-soon

Before we get started, keep in mind:

  * You are initializing within an existing Firebase project directory

[info] 
=== Project Setup
[info] 
[info] First, let's associate this project directory with a Firebase project.
[info] You can create multiple project aliases by running firebase use --add, 
[info] 
[debug] [2026-07-18T04:07:44.619Z] > command requires scopes: ["email","openid","https://www.googleapis.com/auth/cloudplatformprojects.readonly","https://www.googleapis.com/auth/firebase","https://www.googleapis.com/auth/cloud-platform"]
[debug] [2026-07-18T04:07:44.619Z] > authorizing via signed-in user (glacarehs@gmail.com)
[debug] [2026-07-18T04:07:44.630Z] Checked if tokens are valid: true, expires at: 1784351145775
[debug] [2026-07-18T04:07:44.630Z] Checked if tokens are valid: true, expires at: 1784351145775
[debug] [2026-07-18T04:07:44.632Z] >>> [apiv2][query] GET https://firebase.googleapis.com/v1beta1/projects/glacare-website [none]
[debug] [2026-07-18T04:07:45.324Z] <<< [apiv2][status] GET https://firebase.googleapis.com/v1beta1/projects/glacare-website 200
[debug] [2026-07-18T04:07:45.324Z] <<< [apiv2][body] GET https://firebase.googleapis.com/v1beta1/projects/glacare-website {"projectId":"glacare-website","projectNumber":"612574890625","displayName":"glacare website","name":"projects/glacare-website","resources":{"hostingSite":"glacare-website"},"state":"ACTIVE","labels":{"firebase":"enabled"},"etag":"1_f97448c5-4a4b-4db9-9e69-6556fb6bf88f"}
[info] i  Using project glacare-website (glacare website) . 
[info] 
=== Hosting Setup
[debug] [2026-07-18T04:07:45.338Z] Checked if tokens are valid: true, expires at: 1784351145775
[debug] [2026-07-18T04:07:45.338Z] Checked if tokens are valid: true, expires at: 1784351145775
[debug] [2026-07-18T04:07:45.339Z] >>> [apiv2][query] GET https://firebase.googleapis.com/v1beta1/projects/glacare-website [none]
[debug] [2026-07-18T04:07:45.685Z] <<< [apiv2][status] GET https://firebase.googleapis.com/v1beta1/projects/glacare-website 200
[debug] [2026-07-18T04:07:45.685Z] <<< [apiv2][body] GET https://firebase.googleapis.com/v1beta1/projects/glacare-website {"projectId":"glacare-website","projectNumber":"612574890625","displayName":"glacare website","name":"projects/glacare-website","resources":{"hostingSite":"glacare-website"},"state":"ACTIVE","labels":{"firebase":"enabled"},"etag":"1_f97448c5-4a4b-4db9-9e69-6556fb6bf88f"}
[info] 
[info] Your public directory is the folder (relative to your project directory) that
[info] will contain Hosting assets to be uploaded with firebase deploy. If you
[info] have a build process for your assets, use your build's output directory.
[info] 
[info] 
[info] i  Didn't detect a .git folder. Assuming C:\Users\DELL\Desktop\glacare-coming-soon is the project root. 
[info] i  Authorizing with GitHub to upload your service account to a GitHub repository's secrets store. 
[info] 
[info] Visit this URL on this device to log in:
[info] https://github.com/login/oauth/authorize?client_id=89cf50f02ac6aaed3484&state=717100468&redirect_uri=http%3A%2F%2Flocalhost%3A9005&scope=read%3Auser%20repo%20public_repo
[info] 
[info] Waiting for authentication...
[debug] [2026-07-18T04:10:30.706Z] >>> [apiv2][query] POST https://github.com/login/oauth/access_token [none]
[debug] [2026-07-18T04:10:30.706Z] >>> [apiv2][body] POST https://github.com/login/oauth/access_token [stream]
[debug] [2026-07-18T04:10:31.643Z] <<< [apiv2][status] POST https://github.com/login/oauth/access_token 200
[debug] [2026-07-18T04:10:31.643Z] <<< [apiv2][body] POST https://github.com/login/oauth/access_token {"access_token":"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","token_type":"bearer","scope":"read:user,repo"}
[debug] [2026-07-18T04:10:31.649Z] >>> [apiv2][query] GET https://api.github.com/user [none]
[debug] [2026-07-18T04:10:32.029Z] <<< [apiv2][status] GET https://api.github.com/user 200
[debug] [2026-07-18T04:10:32.029Z] <<< [apiv2][body] GET https://api.github.com/user {"login":"glacare","id":306377747,"node_id":"U_kgDOEkL0Ew","avatar_url":"https://avatars.githubusercontent.com/u/306377747?v=4","gravatar_id":"","url":"https://api.github.com/users/glacare","html_url":"https://github.com/glacare","followers_url":"https://api.github.com/users/glacare/followers","following_url":"https://api.github.com/users/glacare/following{/other_user}","gists_url":"https://api.github.com/users/glacare/gists{/gist_id}","starred_url":"https://api.github.com/users/glacare/starred{/owner}{/repo}","subscriptions_url":"https://api.github.com/users/glacare/subscriptions","organizations_url":"https://api.github.com/users/glacare/orgs","repos_url":"https://api.github.com/users/glacare/repos","events_url":"https://api.github.com/users/glacare/events{/privacy}","received_events_url":"https://api.github.com/users/glacare/received_events","type":"User","user_view_type":"private","site_admin":false,"name":null,"company":null,"blog":"","location":null,"email":null,"hireable":null,"bio":null,"twitter_username":null,"notification_email":null,"public_repos":0,"public_gists":0,"followers":0,"following":0,"created_at":"2026-07-18T04:10:24Z","updated_at":"2026-07-18T04:10:24Z","private_gists":0,"total_private_repos":0,"owned_private_repos":0,"disk_usage":0,"collaborators":0,"two_factor_authentication":false,"plan":{"name":"free","space":976562499,"collaborators":0,"private_repos":10000}}
[info] 
[info] +  Success! Logged into GitHub as glacare 
[info] 
[debug] [2026-07-18T04:10:42.343Z] >>> [apiv2][query] GET https://api.github.com/repos//actions/secrets/public-key type=owner
[debug] [2026-07-18T04:10:42.636Z] <<< [apiv2][status] GET https://api.github.com/repos//actions/secrets/public-key 404
[debug] [2026-07-18T04:10:42.636Z] <<< [apiv2][body] GET https://api.github.com/repos//actions/secrets/public-key {"message":"Not Found","documentation_url":"https://docs.github.com/rest","status":"404"}
[info] 
[info] 
[error] !  The provided authorization cannot be used with this repository. If this repository is in an organization, did you remember to grant access? 
[info] 
[info] i  Action required: Visit this URL to ensure access has been granted to the appropriate organization(s) for the Firebase CLI GitHub OAuth App: 
[info] https://github.com/settings/connections/applications/89cf50f02ac6aaed3484
[info] 
[debug] [2026-07-18T04:10:49.781Z] >>> [apiv2][query] GET https://api.github.com/repos/repo/actions/secrets/public-key type=owner
[debug] [2026-07-18T04:10:50.053Z] <<< [apiv2][status] GET https://api.github.com/repos/repo/actions/secrets/public-key 404
[debug] [2026-07-18T04:10:50.054Z] <<< [apiv2][body] GET https://api.github.com/repos/repo/actions/secrets/public-key {"message":"Not Found","documentation_url":"https://docs.github.com/rest","status":"404"}
[info] 
[info] 
[error] !  The provided authorization cannot be used with this repository. If this repository is in an organization, did you remember to grant access? 
[info] 
[info] i  Action required: Visit this URL to ensure access has been granted to the appropriate organization(s) for the Firebase CLI GitHub OAuth App: 
[info] https://github.com/settings/connections/applications/89cf50f02ac6aaed3484
[info] 
[debug] [2026-07-18T04:10:55.280Z] >>> [apiv2][query] GET https://api.github.com/repos/repository/actions/secrets/public-key type=owner
[debug] [2026-07-18T04:10:55.559Z] <<< [apiv2][status] GET https://api.github.com/repos/repository/actions/secrets/public-key 404
[debug] [2026-07-18T04:10:55.559Z] <<< [apiv2][body] GET https://api.github.com/repos/repository/actions/secrets/public-key {"message":"Not Found","documentation_url":"https://docs.github.com/rest","status":"404"}
[info] 
[info] 
[error] !  The provided authorization cannot be used with this repository. If this repository is in an organization, did you remember to grant access? 
[info] 
[info] i  Action required: Visit this URL to ensure access has been granted to the appropriate organization(s) for the Firebase CLI GitHub OAuth App: 
[info] https://github.com/settings/connections/applications/89cf50f02ac6aaed3484
[info] 
[debug] [2026-07-18T04:11:25.317Z] >>> [apiv2][query] GET https://api.github.com/repos//actions/secrets/public-key type=owner
[debug] [2026-07-18T04:11:25.602Z] <<< [apiv2][status] GET https://api.github.com/repos//actions/secrets/public-key 404
[debug] [2026-07-18T04:11:25.602Z] <<< [apiv2][body] GET https://api.github.com/repos//actions/secrets/public-key {"message":"Not Found","documentation_url":"https://docs.github.com/rest","status":"404"}
[info] 
[info] 
[error] !  The provided authorization cannot be used with this repository. If this repository is in an organization, did you remember to grant access? 
[info] 
[info] i  Action required: Visit this URL to ensure access has been granted to the appropriate organization(s) for the Firebase CLI GitHub OAuth App: 
[info] https://github.com/settings/connections/applications/89cf50f02ac6aaed3484
[info] 
[debug] [2026-07-18T04:11:33.331Z] >>> [apiv2][query] GET https://api.github.com/repos/glacare-website/actions/secrets/public-key type=owner
[debug] [2026-07-18T04:11:33.622Z] <<< [apiv2][status] GET https://api.github.com/repos/glacare-website/actions/secrets/public-key 404
[debug] [2026-07-18T04:11:33.622Z] <<< [apiv2][body] GET https://api.github.com/repos/glacare-website/actions/secrets/public-key {"message":"Not Found","documentation_url":"https://docs.github.com/rest","status":"404"}
[info] 
[info] 
[error] !  The provided authorization cannot be used with this repository. If this repository is in an organization, did you remember to grant access? 
[info] 
[info] i  Action required: Visit this URL to ensure access has been granted to the appropriate organization(s) for the Firebase CLI GitHub OAuth App: 
[info] https://github.com/settings/connections/applications/89cf50f02ac6aaed3484
[info] 
[debug] [2026-07-18T04:11:36.784Z] >>> [apiv2][query] GET https://api.github.com/repos/glacare/actions/secrets/public-key type=owner
[debug] [2026-07-18T04:11:37.053Z] <<< [apiv2][status] GET https://api.github.com/repos/glacare/actions/secrets/public-key 404
[debug] [2026-07-18T04:11:37.053Z] <<< [apiv2][body] GET https://api.github.com/repos/glacare/actions/secrets/public-key {"message":"Not Found","documentation_url":"https://docs.github.com/rest","status":"404"}
[info] 
[info] 
[error] !  The provided authorization cannot be used with this repository. If this repository is in an organization, did you remember to grant access? 
[info] 
[info] i  Action required: Visit this URL to ensure access has been granted to the appropriate organization(s) for the Firebase CLI GitHub OAuth App: 
[info] https://github.com/settings/connections/applications/89cf50f02ac6aaed3484
[info] 
[debug] [2026-07-18T04:12:15.330Z] >>> [apiv2][query] GET https://api.github.com/repos/glacare/glacare-website/actions/secrets/public-key type=owner
[debug] [2026-07-18T04:12:25.939Z] *** [apiv2] error from fetch(https://api.github.com/repos/glacare/glacare-website/actions/secrets/public-key?type=owner, {"headers":{},"method":"GET"}): ConnectTimeoutError: Connect Timeout Error (attempted address: api.github.com:443, timeout: 10000ms)
